<?xml version="1.0" encoding="UTF-8"?>
<!-- Generated by org.testng.reporters.JUnitReportReporter -->
<testsuite hostname="sanjoli-ThinkPad-L14-Gen-1" failures="0" tests="6" name="Apitesting.sampleproject.TestCases" time="3.645" errors="0" timestamp="05 Jun 2022 21:24:53 GMT" skipped="0">
  <testcase classname="Apitesting.sampleproject.TestCases" name="testPostUsers" time="0.637"/>
  <testcase classname="Apitesting.sampleproject.TestCases" name="testGetUserPage" time="0.148"/>
  <testcase classname="Apitesting.sampleproject.TestCases" name="testGetList" time="0.688"/>
  <testcase classname="Apitesting.sampleproject.TestCases" name="testFetchUser" time="0.640"/>
  <testcase classname="Apitesting.sampleproject.TestCases" name="testLoginUnsuccessful" time="1.390"/>
  <testcase classname="Apitesting.sampleproject.TestCases" name="testGetResourceNotFound" time="0.142"/>
</testsuite> <!-- Apitesting.sampleproject.TestCases -->
